[08:47:42 GMT-0800 (Pacific Standard Time)] New Crawling Session For Anime
==============
[08:47:42 GMT-0800 (Pacific Standard Time)] Crawling page 0.
[08:47:42 GMT-0800 (Pacific Standard Time)] Fetched data 1.
[08:47:42 GMT-0800 (Pacific Standard Time)] Fetched data 100.
[08:47:43 GMT-0800 (Pacific Standard Time)] Fetched data 1000.
[08:47:43 GMT-0800 (Pacific Standard Time)] Fetched data 10000.
[08:47:45 GMT-0800 (Pacific Standard Time)] Fetched data 10004.
[08:47:46 GMT-0800 (Pacific Standard Time)] Fetched data 10005.
[08:47:47 GMT-0800 (Pacific Standard Time)] Fetched data 99221.
[08:47:48 GMT-0800 (Pacific Standard Time)] Fetched data 101826.
[08:47:49 GMT-0800 (Pacific Standard Time)] Fetched data 97494.
[08:47:50 GMT-0800 (Pacific Standard Time)] Fetched data 1001.
[08:47:51 GMT-0800 (Pacific Standard Time)] Fetched data 87358.
[08:47:57 GMT-0800 (Pacific Standard Time)] Finished fetching data. Request took 15680 milliseconds.
[08:47:58 GMT-0800 (Pacific Standard Time)] Crawling page 1.
[08:47:58 GMT-0800 (Pacific Standard Time)] Fetched data 10012.
[08:47:59 GMT-0800 (Pacific Standard Time)] Fetched data 10013.
[08:48:00 GMT-0800 (Pacific Standard Time)] Fetched data 10014.
[08:48:02 GMT-0800 (Pacific Standard Time)] Fetched data 10015.
[08:48:02 GMT-0800 (Pacific Standard Time)] Fetched data 10016.
[08:48:03 GMT-0800 (Pacific Standard Time)] Fetched data 100386.
[08:48:04 GMT-0800 (Pacific Standard Time)] Fetched data 10017.
[08:48:08 GMT-0800 (Pacific Standard Time)] Fetched data 97502.
[08:48:28 GMT-0800 (Pacific Standard Time)] Finished fetching data. Request took 29850 milliseconds.
[08:48:29 GMT-0800 (Pacific Standard Time)] Crawling page 2.
[08:48:29 GMT-0800 (Pacific Standard Time)] Fetched data 97503.
[08:48:30 GMT-0800 (Pacific Standard Time)] Fetched data 1002.
[08:48:30 GMT-0800 (Pacific Standard Time)] Fetched data 10020.
[08:48:31 GMT-0800 (Pacific Standard Time)] Fetched data 115193.
[08:48:31 GMT-0800 (Pacific Standard Time)] Fetched data 106204.
[08:48:32 GMT-0800 (Pacific Standard Time)] Fetched data 97510.
[08:48:37 GMT-0800 (Pacific Standard Time)] Fetched data 121099.
[08:48:45 GMT-0800 (Pacific Standard Time)] Finished fetching data. Request took 16036 milliseconds.
[08:48:46 GMT-0800 (Pacific Standard Time)] Crawling page 3.
[08:48:48 GMT-0800 (Pacific Standard Time)] Fetched data 10029.
[08:48:48 GMT-0800 (Pacific Standard Time)] Fetched data 126539.
[08:48:49 GMT-0800 (Pacific Standard Time)] Fetched data 103116.
[08:48:49 GMT-0800 (Pacific Standard Time)] Fetched data 87392.
[08:48:51 GMT-0800 (Pacific Standard Time)] Fetched data 133303.
[08:48:52 GMT-0800 (Pacific Standard Time)] Fetched data 1003.
[08:48:52 GMT-0800 (Pacific Standard Time)] Fetched data 10030.
[08:48:54 GMT-0800 (Pacific Standard Time)] Fetched data 97525.
[08:48:55 GMT-0800 (Pacific Standard Time)] Fetched data 10033.
[08:48:55 GMT-0800 (Pacific Standard Time)] Fetched data 110945.
[08:49:17 GMT-0800 (Pacific Standard Time)] Finished fetching data. Request took 30399 milliseconds.
[08:49:18 GMT-0800 (Pacific Standard Time)] Crawling page 4.
[08:49:21 GMT-0800 (Pacific Standard Time)] Fetched data 10036.
[08:49:22 GMT-0800 (Pacific Standard Time)] Fetched data 98022.
[08:49:23 GMT-0800 (Pacific Standard Time)] Fetched data 10039.
[08:49:24 GMT-0800 (Pacific Standard Time)] Fetched data 1004.
[08:49:24 GMT-0800 (Pacific Standard Time)] Fetched data 10040.
[08:49:25 GMT-0800 (Pacific Standard Time)] Fetched data 97534.
[08:49:26 GMT-0800 (Pacific Standard Time)] Fetched data 123480.
[08:49:27 GMT-0800 (Pacific Standard Time)] Fetched data 97549.
[08:49:27 GMT-0800 (Pacific Standard Time)] Fetched data 10044.
[08:49:35 GMT-0800 (Pacific Standard Time)] Finished fetching data. Request took 17693 milliseconds.
[08:49:36 GMT-0800 (Pacific Standard Time)] Crawling page 5.
[08:49:36 GMT-0800 (Pacific Standard Time)] Fetched data 10045.
[08:49:38 GMT-0800 (Pacific Standard Time)] Fetched data 10048.
[08:49:40 GMT-0800 (Pacific Standard Time)] Fetched data 10049.
[08:49:40 GMT-0800 (Pacific Standard Time)] Fetched data 1005.
[08:49:41 GMT-0800 (Pacific Standard Time)] Fetched data 10050.
[08:49:41 GMT-0800 (Pacific Standard Time)] Fetched data 111901.
[08:49:54 GMT-0800 (Pacific Standard Time)] Finished fetching data. Request took 17630 milliseconds.
[08:49:55 GMT-0800 (Pacific Standard Time)] Crawling page 6.
[08:49:55 GMT-0800 (Pacific Standard Time)] Fetched data 97559.
[08:49:56 GMT-0800 (Pacific Standard Time)] Fetched data 97560.
[08:49:56 GMT-0800 (Pacific Standard Time)] Fetched data 10055.
[08:49:57 GMT-0800 (Pacific Standard Time)] Fetched data 97563.
[08:49:57 GMT-0800 (Pacific Standard Time)] Fetched data 10056.
[08:49:58 GMT-0800 (Pacific Standard Time)] Fetched data 100088.
[08:49:59 GMT-0800 (Pacific Standard Time)] Fetched data 10057.
[08:50:00 GMT-0800 (Pacific Standard Time)] Fetched data 97564.
[08:50:00 GMT-0800 (Pacific Standard Time)] Fetched data 10058.
[08:50:01 GMT-0800 (Pacific Standard Time)] Fetched data 10059.
[08:50:01 GMT-0800 (Pacific Standard Time)] Fetched data 1006.
[08:50:02 GMT-0800 (Pacific Standard Time)] Fetched data 10060.
[08:50:02 GMT-0800 (Pacific Standard Time)] Fetched data 10061.
[08:50:04 GMT-0800 (Pacific Standard Time)] Fetched data 97571.
[08:50:41 GMT-0800 (Pacific Standard Time)] Finished fetching data. Request took 46090 milliseconds.
[08:50:42 GMT-0800 (Pacific Standard Time)] Crawling page 7.
[08:50:42 GMT-0800 (Pacific Standard Time)] Fetched data 97574.
[08:50:43 GMT-0800 (Pacific Standard Time)] Fetched data 97575.
[08:50:48 GMT-0800 (Pacific Standard Time)] Fetched data 10067.
[08:50:50 GMT-0800 (Pacific Standard Time)] Fetched data 1007.
[08:50:50 GMT-0800 (Pacific Standard Time)] Fetched data 97582.
[08:50:51 GMT-0800 (Pacific Standard Time)] Fetched data 97583.
[08:50:59 GMT-0800 (Pacific Standard Time)] Finished fetching data. Request took 17361 milliseconds.
[08:51:00 GMT-0800 (Pacific Standard Time)] Crawling page 8.
[08:51:05 GMT-0800 (Pacific Standard Time)] Fetched data 10073.
[08:51:05 GMT-0800 (Pacific Standard Time)] Fetched data 10074.
[08:51:07 GMT-0800 (Pacific Standard Time)] Fetched data 106615.
[08:51:07 GMT-0800 (Pacific Standard Time)] Fetched data 10075.
[08:51:08 GMT-0800 (Pacific Standard Time)] Fetched data 10076.
[08:51:08 GMT-0800 (Pacific Standard Time)] Fetched data 87460.
[08:51:09 GMT-0800 (Pacific Standard Time)] Fetched data 104522.
[08:51:10 GMT-0800 (Pacific Standard Time)] Fetched data 10077.
[08:51:22 GMT-0800 (Pacific Standard Time)] Finished fetching data. Request took 21949 milliseconds.
[08:51:23 GMT-0800 (Pacific Standard Time)] Crawling page 9.
[08:51:27 GMT-0800 (Pacific Standard Time)] Fetched data 10079.
[08:51:28 GMT-0800 (Pacific Standard Time)] Fetched data 1008.
[08:51:29 GMT-0800 (Pacific Standard Time)] Fetched data 10080.
[08:51:30 GMT-0800 (Pacific Standard Time)] Fetched data 98119.
[08:51:33 GMT-0800 (Pacific Standard Time)] Fetched data 10083.
[08:51:35 GMT-0800 (Pacific Standard Time)] Fetched data 10087.
[08:51:44 GMT-0800 (Pacific Standard Time)] Finished fetching data. Request took 20795 milliseconds.
[08:51:45 GMT-0800 (Pacific Standard Time)] Crawling page 10.
[08:51:46 GMT-0800 (Pacific Standard Time)] Fetched data 87531.
[08:51:47 GMT-0800 (Pacific Standard Time)] Fetched data 10089.
[08:51:47 GMT-0800 (Pacific Standard Time)] Fetched data 118659.
[08:51:48 GMT-0800 (Pacific Standard Time)] Fetched data 1009.
[08:51:49 GMT-0800 (Pacific Standard Time)] Fetched data 82989.
[08:51:50 GMT-0800 (Pacific Standard Time)] Fetched data 10092.
[08:51:50 GMT-0800 (Pacific Standard Time)] Fetched data 112524.
[08:51:54 GMT-0800 (Pacific Standard Time)] Fetched data 10098.
[08:51:59 GMT-0800 (Pacific Standard Time)] Finished fetching data. Request took 14031 milliseconds.
[08:52:00 GMT-0800 (Pacific Standard Time)] Crawling page 11.
[08:52:01 GMT-0800 (Pacific Standard Time)] Fetched data 99204.
[08:52:02 GMT-0800 (Pacific Standard Time)] Fetched data 101.
[08:52:02 GMT-0800 (Pacific Standard Time)] Fetched data 1010.
[08:52:07 GMT-0800 (Pacific Standard Time)] Fetched data 97997.
[08:52:08 GMT-0800 (Pacific Standard Time)] Fetched data 98634.
[08:52:08 GMT-0800 (Pacific Standard Time)] Fetched data 10104.
[08:52:09 GMT-0800 (Pacific Standard Time)] Fetched data 115317.
[08:52:09 GMT-0800 (Pacific Standard Time)] Fetched data 106258.
[08:52:15 GMT-0800 (Pacific Standard Time)] Finished fetching data. Request took 15108 milliseconds.
[08:52:16 GMT-0800 (Pacific Standard Time)] Crawling page 12.
[08:52:17 GMT-0800 (Pacific Standard Time)] Fetched data 10105.
[08:52:18 GMT-0800 (Pacific Standard Time)] Fetched data 104261.
[08:52:19 GMT-0800 (Pacific Standard Time)] Fetched data 119430.
[08:52:19 GMT-0800 (Pacific Standard Time)] Fetched data 10108.
[08:52:20 GMT-0800 (Pacific Standard Time)] Fetched data 123732.
[08:52:21 GMT-0800 (Pacific Standard Time)] Fetched data 124296.
[08:52:22 GMT-0800 (Pacific Standard Time)] Fetched data 119658.
[08:52:23 GMT-0800 (Pacific Standard Time)] Fetched data 98625.
[08:52:24 GMT-0800 (Pacific Standard Time)] Fetched data 10109.
[08:52:25 GMT-0800 (Pacific Standard Time)] Fetched data 122896.
[08:52:26 GMT-0800 (Pacific Standard Time)] Fetched data 99688.
[08:52:35 GMT-0800 (Pacific Standard Time)] Finished fetching data. Request took 18345 milliseconds.
[08:52:36 GMT-0800 (Pacific Standard Time)] Crawling page 13.
[08:52:37 GMT-0800 (Pacific Standard Time)] Fetched data 98412.
[08:52:37 GMT-0800 (Pacific Standard Time)] Fetched data 1011.
[08:52:38 GMT-0800 (Pacific Standard Time)] Fetched data 10110.
[08:52:42 GMT-0800 (Pacific Standard Time)] Fetched data 112535.
[08:52:42 GMT-0800 (Pacific Standard Time)] Fetched data 10112.
[08:52:43 GMT-0800 (Pacific Standard Time)] Fetched data 119199.
[08:52:43 GMT-0800 (Pacific Standard Time)] Fetched data 128199.
[08:52:44 GMT-0800 (Pacific Standard Time)] Fetched data 122492.
[08:52:44 GMT-0800 (Pacific Standard Time)] Fetched data 10113.
[08:52:45 GMT-0800 (Pacific Standard Time)] Fetched data 10114.
[08:52:58 GMT-0800 (Pacific Standard Time)] Finished fetching data. Request took 22078 milliseconds.
[08:52:59 GMT-0800 (Pacific Standard Time)] Crawling page 14.
[08:52:59 GMT-0800 (Pacific Standard Time)] Fetched data 10115.
[08:53:00 GMT-0800 (Pacific Standard Time)] Fetched data 10116.
[08:53:00 GMT-0800 (Pacific Standard Time)] Fetched data 103155.
[08:53:03 GMT-0800 (Pacific Standard Time)] Fetched data 87312.
[08:53:04 GMT-0800 (Pacific Standard Time)] Fetched data 10118.
[08:53:05 GMT-0800 (Pacific Standard Time)] Fetched data 99875.
[08:53:05 GMT-0800 (Pacific Standard Time)] Fetched data 99523.
[08:53:06 GMT-0800 (Pacific Standard Time)] Fetched data 99202.
[08:53:07 GMT-0800 (Pacific Standard Time)] Fetched data 10119.
[08:53:17 GMT-0800 (Pacific Standard Time)] Finished fetching data. Request took 18699 milliseconds.
[08:53:18 GMT-0800 (Pacific Standard Time)] Crawling page 15.
[08:53:19 GMT-0800 (Pacific Standard Time)] Fetched data 10122.
[08:53:20 GMT-0800 (Pacific Standard Time)] Fetched data 147484.
[08:53:21 GMT-0800 (Pacific Standard Time)] Fetched data 156743.
[08:53:22 GMT-0800 (Pacific Standard Time)] Fetched data 120937.
[08:53:27 GMT-0800 (Pacific Standard Time)] Fetched data 97926.
[08:53:28 GMT-0800 (Pacific Standard Time)] Fetched data 116866.
[08:53:33 GMT-0800 (Pacific Standard Time)] Finished fetching data. Request took 14886 milliseconds.
[08:53:34 GMT-0800 (Pacific Standard Time)] Crawling page 16.
[08:53:37 GMT-0800 (Pacific Standard Time)] Fetched data 121731.
[08:53:45 GMT-0800 (Pacific Standard Time)] Finished fetching data. Request took 11083 milliseconds.
[08:53:46 GMT-0800 (Pacific Standard Time)] Crawling page 17.
[08:53:47 GMT-0800 (Pacific Standard Time)] Fetched data 10135.
[08:53:47 GMT-0800 (Pacific Standard Time)] Fetched data 121831.
[08:53:48 GMT-0800 (Pacific Standard Time)] Fetched data 115487.
[08:53:49 GMT-0800 (Pacific Standard Time)] Fetched data 10136.
[08:53:49 GMT-0800 (Pacific Standard Time)] Fetched data 127530.
[08:53:52 GMT-0800 (Pacific Standard Time)] Fetched data 10137.
[08:53:53 GMT-0800 (Pacific Standard Time)] Fetched data 105573.
[08:53:53 GMT-0800 (Pacific Standard Time)] Fetched data 99174.
[08:53:54 GMT-0800 (Pacific Standard Time)] Fetched data 123470.
[08:53:55 GMT-0800 (Pacific Standard Time)] Fetched data 10138.
[08:54:32 GMT-0800 (Pacific Standard Time)] Finished fetching data. Request took 45893 milliseconds.
[08:54:33 GMT-0800 (Pacific Standard Time)] Crawling page 18.
[08:54:35 GMT-0800 (Pacific Standard Time)] Fetched data 104782.
[08:54:36 GMT-0800 (Pacific Standard Time)] Fetched data 10139.
[08:54:37 GMT-0800 (Pacific Standard Time)] Fetched data 1014.
[08:54:38 GMT-0800 (Pacific Standard Time)] Fetched data 121340.
[08:54:39 GMT-0800 (Pacific Standard Time)] Fetched data 121109.
[08:54:48 GMT-0800 (Pacific Standard Time)] Finished fetching data. Request took 15104 milliseconds.
[08:54:49 GMT-0800 (Pacific Standard Time)] Crawling page 19.
[08:54:51 GMT-0800 (Pacific Standard Time)] Fetched data 10149.
[08:54:53 GMT-0800 (Pacific Standard Time)] Fetched data 1015.
[08:54:56 GMT-0800 (Pacific Standard Time)] Fetched data 10153.
[08:54:58 GMT-0800 (Pacific Standard Time)] Fetched data 10155.
[08:54:59 GMT-0800 (Pacific Standard Time)] Fetched data 97700.
[08:55:04 GMT-0800 (Pacific Standard Time)] Finished fetching data. Request took 14761 milliseconds.
[08:55:05 GMT-0800 (Pacific Standard Time)] Crawling page 20.
[08:55:05 GMT-0800 (Pacific Standard Time)] Fetched data 101953.
[08:55:06 GMT-0800 (Pacific Standard Time)] Fetched data 10156.
[08:55:08 GMT-0800 (Pacific Standard Time)] Fetched data 98281.
[08:55:08 GMT-0800 (Pacific Standard Time)] Fetched data 142429.
[08:55:09 GMT-0800 (Pacific Standard Time)] Fetched data 121192.
[08:55:10 GMT-0800 (Pacific Standard Time)] Fetched data 98947.
[08:55:12 GMT-0800 (Pacific Standard Time)] Fetched data 1016.
[08:55:13 GMT-0800 (Pacific Standard Time)] Fetched data 10161.
[08:55:13 GMT-0800 (Pacific Standard Time)] Fetched data 87404.
[08:55:14 GMT-0800 (Pacific Standard Time)] Fetched data 10162.
[08:55:14 GMT-0800 (Pacific Standard Time)] Fetched data 10163.
[08:55:15 GMT-0800 (Pacific Standard Time)] Fetched data 125180.
[08:55:36 GMT-0800 (Pacific Standard Time)] Finished fetching data. Request took 30404 milliseconds.
[08:55:37 GMT-0800 (Pacific Standard Time)] Crawling page 21.
[08:55:38 GMT-0800 (Pacific Standard Time)] Fetched data 73221.
[08:55:39 GMT-0800 (Pacific Standard Time)] Fetched data 10165.
[08:55:41 GMT-0800 (Pacific Standard Time)] Fetched data 1017.
[08:55:42 GMT-0800 (Pacific Standard Time)] Fetched data 10172.
[08:55:44 GMT-0800 (Pacific Standard Time)] Fetched data 100018.
[08:55:44 GMT-0800 (Pacific Standard Time)] Fetched data 10177.
[08:55:52 GMT-0800 (Pacific Standard Time)] Finished fetching data. Request took 15423 milliseconds.
[08:55:53 GMT-0800 (Pacific Standard Time)] Crawling page 22.
[08:55:53 GMT-0800 (Pacific Standard Time)] Fetched data 10178.
[08:55:54 GMT-0800 (Pacific Standard Time)] Fetched data 125340.
[08:55:54 GMT-0800 (Pacific Standard Time)] Fetched data 1018.
[08:55:55 GMT-0800 (Pacific Standard Time)] Fetched data 10180.
[08:55:55 GMT-0800 (Pacific Standard Time)] Fetched data 119131.
[08:55:56 GMT-0800 (Pacific Standard Time)] Fetched data 122648.
[08:55:57 GMT-0800 (Pacific Standard Time)] Fetched data 126979.
[08:55:58 GMT-0800 (Pacific Standard Time)] Fetched data 98057.
[08:56:01 GMT-0800 (Pacific Standard Time)] Fetched data 10187.
[08:56:02 GMT-0800 (Pacific Standard Time)] Fetched data 99049.
[08:56:15 GMT-0800 (Pacific Standard Time)] Finished fetching data. Request took 22221 milliseconds.
[08:56:16 GMT-0800 (Pacific Standard Time)] Crawling page 23.
[08:56:17 GMT-0800 (Pacific Standard Time)] Fetched data 124226.
[08:56:19 GMT-0800 (Pacific Standard Time)] Fetched data 10189.
[08:56:19 GMT-0800 (Pacific Standard Time)] Fetched data 1019.
[08:56:23 GMT-0800 (Pacific Standard Time)] Fetched data 10191.
[08:56:31 GMT-0800 (Pacific Standard Time)] Finished fetching data. Request took 14571 milliseconds.
[08:56:32 GMT-0800 (Pacific Standard Time)] Crawling page 24.
[08:56:37 GMT-0800 (Pacific Standard Time)] Fetched data 120156.
[08:56:39 GMT-0800 (Pacific Standard Time)] Fetched data 10194.
[08:56:39 GMT-0800 (Pacific Standard Time)] Fetched data 10196.
[08:56:40 GMT-0800 (Pacific Standard Time)] Fetched data 114696.
[08:56:41 GMT-0800 (Pacific Standard Time)] Fetched data 138233.
[08:56:47 GMT-0800 (Pacific Standard Time)] Finished fetching data. Request took 15180 milliseconds.
[08:56:48 GMT-0800 (Pacific Standard Time)] Crawling page 25.
[08:56:48 GMT-0800 (Pacific Standard Time)] Fetched data 10197.
[08:56:52 GMT-0800 (Pacific Standard Time)] Fetched data 117935.
[08:56:53 GMT-0800 (Pacific Standard Time)] Fetched data 10199.
[08:56:53 GMT-0800 (Pacific Standard Time)] Fetched data 99488.
[08:56:55 GMT-0800 (Pacific Standard Time)] Fetched data 102.
[08:56:55 GMT-0800 (Pacific Standard Time)] Fetched data 1020.
[08:56:56 GMT-0800 (Pacific Standard Time)] Fetched data 10200.
[08:56:57 GMT-0800 (Pacific Standard Time)] Fetched data 139670.
[08:57:10 GMT-0800 (Pacific Standard Time)] Finished fetching data. Request took 21945 milliseconds.
[08:57:11 GMT-0800 (Pacific Standard Time)] Crawling page 26.
[08:57:12 GMT-0800 (Pacific Standard Time)] Fetched data 108185.
[08:57:12 GMT-0800 (Pacific Standard Time)] Fetched data 108183.
[08:57:14 GMT-0800 (Pacific Standard Time)] Fetched data 10201.
[08:57:15 GMT-0800 (Pacific Standard Time)] Fetched data 10202.
[08:57:15 GMT-0800 (Pacific Standard Time)] Fetched data 10203.
[08:57:25 GMT-0800 (Pacific Standard Time)] Finished fetching data. Request took 13857 milliseconds.
[08:57:26 GMT-0800 (Pacific Standard Time)] Crawling page 27.
[08:57:28 GMT-0800 (Pacific Standard Time)] Fetched data 98204.
[08:57:29 GMT-0800 (Pacific Standard Time)] Fetched data 99681.
[08:57:31 GMT-0800 (Pacific Standard Time)] Fetched data 10207.
[08:57:33 GMT-0800 (Pacific Standard Time)] Fetched data 106636.
[08:57:34 GMT-0800 (Pacific Standard Time)] Fetched data 121824.
[08:57:34 GMT-0800 (Pacific Standard Time)] Fetched data 10209.
[08:57:41 GMT-0800 (Pacific Standard Time)] Finished fetching data. Request took 15168 milliseconds.
[08:57:42 GMT-0800 (Pacific Standard Time)] Crawling page 28.
[08:57:45 GMT-0800 (Pacific Standard Time)] Fetched data 115948.
[08:57:46 GMT-0800 (Pacific Standard Time)] Fetched data 131432.
[08:57:46 GMT-0800 (Pacific Standard Time)] Fetched data 1021.
[08:57:47 GMT-0800 (Pacific Standard Time)] Fetched data 10210.
[08:57:49 GMT-0800 (Pacific Standard Time)] Fetched data 10213.
[08:57:52 GMT-0800 (Pacific Standard Time)] Fetched data 125955.
[08:57:57 GMT-0800 (Pacific Standard Time)] Finished fetching data. Request took 14863 milliseconds.
[08:57:58 GMT-0800 (Pacific Standard Time)] Crawling page 29.
[08:57:58 GMT-0800 (Pacific Standard Time)] Fetched data 112955.
[08:57:59 GMT-0800 (Pacific Standard Time)] Fetched data 10216.
[08:58:00 GMT-0800 (Pacific Standard Time)] Fetched data 115952.
[08:58:00 GMT-0800 (Pacific Standard Time)] Fetched data 97721.
[08:58:01 GMT-0800 (Pacific Standard Time)] Fetched data 97693.
[08:58:02 GMT-0800 (Pacific Standard Time)] Fetched data 97812.
[08:58:04 GMT-0800 (Pacific Standard Time)] Fetched data 124307.
[08:58:04 GMT-0800 (Pacific Standard Time)] Fetched data 10217.
[08:58:05 GMT-0800 (Pacific Standard Time)] Fetched data 10218.
[08:58:05 GMT-0800 (Pacific Standard Time)] Fetched data 10219.
[08:58:06 GMT-0800 (Pacific Standard Time)] Fetched data 1022.
[08:58:28 GMT-0800 (Pacific Standard Time)] Finished fetching data. Request took 29681 milliseconds.
[08:58:29 GMT-0800 (Pacific Standard Time)] Crawling page 30.
[08:58:29 GMT-0800 (Pacific Standard Time)] Fetched data 123224.
[08:58:30 GMT-0800 (Pacific Standard Time)] Fetched data 98539.
[08:58:30 GMT-0800 (Pacific Standard Time)] Fetched data 119223.
[08:58:31 GMT-0800 (Pacific Standard Time)] Fetched data 10224.
[08:58:33 GMT-0800 (Pacific Standard Time)] Fetched data 100934.
[08:58:34 GMT-0800 (Pacific Standard Time)] Fetched data 102115.
[08:58:35 GMT-0800 (Pacific Standard Time)] Fetched data 98103.
[08:58:36 GMT-0800 (Pacific Standard Time)] Fetched data 134374.
[08:58:36 GMT-0800 (Pacific Standard Time)] Fetched data 101219.
[08:58:37 GMT-0800 (Pacific Standard Time)] Fetched data 1023.
[08:58:50 GMT-0800 (Pacific Standard Time)] Finished fetching data. Request took 21524 milliseconds.
[08:58:51 GMT-0800 (Pacific Standard Time)] Crawling page 31.
[08:58:55 GMT-0800 (Pacific Standard Time)] Fetched data 10232.
[08:58:58 GMT-0800 (Pacific Standard Time)] Fetched data 127312.
[08:58:58 GMT-0800 (Pacific Standard Time)] Fetched data 99123.
[08:58:59 GMT-0800 (Pacific Standard Time)] Fetched data 125807.
[08:59:00 GMT-0800 (Pacific Standard Time)] Fetched data 124656.
[08:59:00 GMT-0800 (Pacific Standard Time)] Fetched data 120450.
[08:59:06 GMT-0800 (Pacific Standard Time)] Finished fetching data. Request took 14959 milliseconds.
[08:59:07 GMT-0800 (Pacific Standard Time)] Crawling page 32.
[08:59:08 GMT-0800 (Pacific Standard Time)] Fetched data 10236.
[08:59:10 GMT-0800 (Pacific Standard Time)] Fetched data 101962.
[08:59:14 GMT-0800 (Pacific Standard Time)] Fetched data 10237.
[08:59:16 GMT-0800 (Pacific Standard Time)] Fetched data 109279.
[08:59:16 GMT-0800 (Pacific Standard Time)] Fetched data 110141.
[08:59:21 GMT-0800 (Pacific Standard Time)] Finished fetching data. Request took 14038 milliseconds.
[08:59:22 GMT-0800 (Pacific Standard Time)] Crawling page 33.
[08:59:24 GMT-0800 (Pacific Standard Time)] Fetched data 10238.
[08:59:30 GMT-0800 (Pacific Standard Time)] Fetched data 10239.
[08:59:34 GMT-0800 (Pacific Standard Time)] Finished fetching data. Request took 11743 milliseconds.
[08:59:35 GMT-0800 (Pacific Standard Time)] Crawling page 34.
[08:59:38 GMT-0800 (Pacific Standard Time)] Fetched data 1024.
[08:59:39 GMT-0800 (Pacific Standard Time)] Fetched data 114731.
[08:59:42 GMT-0800 (Pacific Standard Time)] Fetched data 10241.
[08:59:42 GMT-0800 (Pacific Standard Time)] Fetched data 107367.
[08:59:43 GMT-0800 (Pacific Standard Time)] Fetched data 10242.
[08:59:49 GMT-0800 (Pacific Standard Time)] Finished fetching data. Request took 14096 milliseconds.
[08:59:50 GMT-0800 (Pacific Standard Time)] Crawling page 35.
[08:59:51 GMT-0800 (Pacific Standard Time)] Fetched data 98146.
[08:59:52 GMT-0800 (Pacific Standard Time)] Fetched data 98732.
[08:59:53 GMT-0800 (Pacific Standard Time)] Fetched data 98387.
[08:59:53 GMT-0800 (Pacific Standard Time)] Fetched data 97726.
[08:59:54 GMT-0800 (Pacific Standard Time)] Fetched data 10244.
[08:59:55 GMT-0800 (Pacific Standard Time)] Fetched data 121820.
[08:59:56 GMT-0800 (Pacific Standard Time)] Fetched data 126375.
[08:59:57 GMT-0800 (Pacific Standard Time)] Fetched data 102957.
[08:59:57 GMT-0800 (Pacific Standard Time)] Fetched data 98974.
[08:59:58 GMT-0800 (Pacific Standard Time)] Fetched data 126100.
[08:59:58 GMT-0800 (Pacific Standard Time)] Fetched data 98880.
[08:59:59 GMT-0800 (Pacific Standard Time)] Fetched data 10245.
[09:00:12 GMT-0800 (Pacific Standard Time)] Finished fetching data. Request took 22231 milliseconds.
[09:00:13 GMT-0800 (Pacific Standard Time)] Crawling page 36.
[09:00:14 GMT-0800 (Pacific Standard Time)] Fetched data 104042.
[09:00:15 GMT-0800 (Pacific Standard Time)] Fetched data 121131.
[09:00:16 GMT-0800 (Pacific Standard Time)] Fetched data 115494.
[09:00:16 GMT-0800 (Pacific Standard Time)] Fetched data 101742.
[09:00:17 GMT-0800 (Pacific Standard Time)] Fetched data 98048.
[09:00:17 GMT-0800 (Pacific Standard Time)] Fetched data 106235.
[09:00:18 GMT-0800 (Pacific Standard Time)] Fetched data 10246.
[09:00:18 GMT-0800 (Pacific Standard Time)] Fetched data 140974.
[09:00:19 GMT-0800 (Pacific Standard Time)] Fetched data 140525.
[09:00:19 GMT-0800 (Pacific Standard Time)] Fetched data 103660.
[09:00:23 GMT-0800 (Pacific Standard Time)] Fetched data 118516.
[09:00:43 GMT-0800 (Pacific Standard Time)] Finished fetching data. Request took 29922 milliseconds.
[09:00:44 GMT-0800 (Pacific Standard Time)] Crawling page 37.
[09:00:44 GMT-0800 (Pacific Standard Time)] Fetched data 10247.
[09:00:46 GMT-0800 (Pacific Standard Time)] Fetched data 121344.
[09:00:48 GMT-0800 (Pacific Standard Time)] Fetched data 122608.
[09:00:48 GMT-0800 (Pacific Standard Time)] Fetched data 131364.
[09:00:49 GMT-0800 (Pacific Standard Time)] Fetched data 121698.
[09:00:51 GMT-0800 (Pacific Standard Time)] Fetched data 10249.
[09:00:51 GMT-0800 (Pacific Standard Time)] Fetched data 98803.
[09:00:52 GMT-0800 (Pacific Standard Time)] Fetched data 1025.
[09:00:53 GMT-0800 (Pacific Standard Time)] Fetched data 10250.
[09:01:00 GMT-0800 (Pacific Standard Time)] Finished fetching data. Request took 16126 milliseconds.
[09:01:01 GMT-0800 (Pacific Standard Time)] Crawling page 38.
[09:01:02 GMT-0800 (Pacific Standard Time)] Fetched data 99520.
[09:01:02 GMT-0800 (Pacific Standard Time)] Fetched data 98429.
[09:01:03 GMT-0800 (Pacific Standard Time)] Fetched data 97882.
[09:01:05 GMT-0800 (Pacific Standard Time)] Fetched data 122417.
[09:01:06 GMT-0800 (Pacific Standard Time)] Fetched data 126128.
[09:01:07 GMT-0800 (Pacific Standard Time)] Fetched data 98391.
[09:01:08 GMT-0800 (Pacific Standard Time)] Fetched data 97971.
[09:01:08 GMT-0800 (Pacific Standard Time)] Fetched data 99395.
[09:01:09 GMT-0800 (Pacific Standard Time)] Fetched data 102640.
[09:01:11 GMT-0800 (Pacific Standard Time)] Fetched data 97786.
[09:01:23 GMT-0800 (Pacific Standard Time)] Finished fetching data. Request took 21991 milliseconds.
[09:01:24 GMT-0800 (Pacific Standard Time)] Crawling page 39.
[09:01:24 GMT-0800 (Pacific Standard Time)] Fetched data 142714.
[09:01:28 GMT-0800 (Pacific Standard Time)] Fetched data 116212.
[09:01:33 GMT-0800 (Pacific Standard Time)] Fetched data 101719.
[09:01:34 GMT-0800 (Pacific Standard Time)] Fetched data 99168.
[09:01:38 GMT-0800 (Pacific Standard Time)] Finished fetching data. Request took 13609 milliseconds.
[09:01:39 GMT-0800 (Pacific Standard Time)] Crawling page 40.
[09:01:39 GMT-0800 (Pacific Standard Time)] Fetched data 121273.
[09:01:41 GMT-0800 (Pacific Standard Time)] Fetched data 10257.
[09:01:43 GMT-0800 (Pacific Standard Time)] Fetched data 102147.
[09:01:44 GMT-0800 (Pacific Standard Time)] Fetched data 99492.
[09:01:46 GMT-0800 (Pacific Standard Time)] Fetched data 10258.
[09:01:47 GMT-0800 (Pacific Standard Time)] Fetched data 115172.
[09:01:48 GMT-0800 (Pacific Standard Time)] Fetched data 10259.
[09:01:58 GMT-0800 (Pacific Standard Time)] Finished fetching data. Request took 18968 milliseconds.
[09:01:59 GMT-0800 (Pacific Standard Time)] Crawling page 41.
[09:01:59 GMT-0800 (Pacific Standard Time)] Fetched data 122656.
[09:02:00 GMT-0800 (Pacific Standard Time)] Fetched data 117422.
[09:02:01 GMT-0800 (Pacific Standard Time)] Fetched data 111203.
[09:02:02 GMT-0800 (Pacific Standard Time)] Fetched data 1026.
[09:02:03 GMT-0800 (Pacific Standard Time)] Fetched data 10260.
[09:02:03 GMT-0800 (Pacific Standard Time)] Fetched data 98140.
[09:02:05 GMT-0800 (Pacific Standard Time)] Fetched data 98039.
[09:02:07 GMT-0800 (Pacific Standard Time)] Fetched data 10261.
[09:02:13 GMT-0800 (Pacific Standard Time)] Finished fetching data. Request took 14028 milliseconds.
[09:02:14 GMT-0800 (Pacific Standard Time)] Crawling page 42.
[09:02:16 GMT-0800 (Pacific Standard Time)] Fetched data 98216.
[09:02:17 GMT-0800 (Pacific Standard Time)] Fetched data 107644.
[09:02:18 GMT-0800 (Pacific Standard Time)] Fetched data 10262.
[09:02:18 GMT-0800 (Pacific Standard Time)] Fetched data 107645.
[09:02:19 GMT-0800 (Pacific Standard Time)] Fetched data 103831.
[09:02:20 GMT-0800 (Pacific Standard Time)] Fetched data 107899.
[09:02:20 GMT-0800 (Pacific Standard Time)] Fetched data 106594.
[09:02:21 GMT-0800 (Pacific Standard Time)] Fetched data 113467.
[09:02:23 GMT-0800 (Pacific Standard Time)] Fetched data 10263.
[09:02:23 GMT-0800 (Pacific Standard Time)] Fetched data 107501.
[09:02:35 GMT-0800 (Pacific Standard Time)] Finished fetching data. Request took 21568 milliseconds.
[09:02:36 GMT-0800 (Pacific Standard Time)] Crawling page 43.
[09:02:37 GMT-0800 (Pacific Standard Time)] Fetched data 113391.
[09:02:38 GMT-0800 (Pacific Standard Time)] Fetched data 112202.
[09:02:39 GMT-0800 (Pacific Standard Time)] Fetched data 98074.
[09:02:39 GMT-0800 (Pacific Standard Time)] Fetched data 97930.
[09:02:43 GMT-0800 (Pacific Standard Time)] Fetched data 99690.
[09:02:45 GMT-0800 (Pacific Standard Time)] Fetched data 98083.
[09:02:45 GMT-0800 (Pacific Standard Time)] Fetched data 98068.
[09:02:54 GMT-0800 (Pacific Standard Time)] Finished fetching data. Request took 17386 milliseconds.
[09:02:55 GMT-0800 (Pacific Standard Time)] Crawling page 44.
[09:02:55 GMT-0800 (Pacific Standard Time)] Fetched data 133244.
[09:02:56 GMT-0800 (Pacific Standard Time)] Fetched data 127711.
[09:02:58 GMT-0800 (Pacific Standard Time)] Fetched data 128245.
[09:03:00 GMT-0800 (Pacific Standard Time)] Fetched data 124650.
[09:03:01 GMT-0800 (Pacific Standard Time)] Fetched data 100068.
[09:03:01 GMT-0800 (Pacific Standard Time)] Fetched data 117435.
[09:03:03 GMT-0800 (Pacific Standard Time)] Fetched data 98911.
[09:03:03 GMT-0800 (Pacific Standard Time)] Fetched data 100189.
[09:03:04 GMT-0800 (Pacific Standard Time)] Fetched data 145250.
[09:03:17 GMT-0800 (Pacific Standard Time)] Finished fetching data. Request took 21703 milliseconds.
[09:03:18 GMT-0800 (Pacific Standard Time)] Crawling page 45.
[09:03:18 GMT-0800 (Pacific Standard Time)] Fetched data 99878.
[09:03:20 GMT-0800 (Pacific Standard Time)] Fetched data 135218.
[09:03:21 GMT-0800 (Pacific Standard Time)] Fetched data 97931.
[09:03:23 GMT-0800 (Pacific Standard Time)] Fetched data 101861.
[09:03:24 GMT-0800 (Pacific Standard Time)] Fetched data 98499.
[09:03:25 GMT-0800 (Pacific Standard Time)] Fetched data 110913.
[09:03:25 GMT-0800 (Pacific Standard Time)] Fetched data 101437.
[09:03:32 GMT-0800 (Pacific Standard Time)] Finished fetching data. Request took 14668 milliseconds.
[09:03:33 GMT-0800 (Pacific Standard Time)] Crawling page 46.
[09:03:34 GMT-0800 (Pacific Standard Time)] Fetched data 117084.
[09:03:35 GMT-0800 (Pacific Standard Time)] Fetched data 98124.
[09:03:36 GMT-0800 (Pacific Standard Time)] Fetched data 1027.
[09:03:37 GMT-0800 (Pacific Standard Time)] Fetched data 106667.
[09:03:37 GMT-0800 (Pacific Standard Time)] Fetched data 99758.
[09:03:38 GMT-0800 (Pacific Standard Time)] Fetched data 107416.
[09:03:40 GMT-0800 (Pacific Standard Time)] Fetched data 104499.
[09:03:40 GMT-0800 (Pacific Standard Time)] Fetched data 114928.
[09:03:41 GMT-0800 (Pacific Standard Time)] Fetched data 99077.
[09:03:41 GMT-0800 (Pacific Standard Time)] Fetched data 10271.
[09:04:03 GMT-0800 (Pacific Standard Time)] Finished fetching data. Request took 29537 milliseconds.
[09:04:04 GMT-0800 (Pacific Standard Time)] Crawling page 47.
[09:04:05 GMT-0800 (Pacific Standard Time)] Fetched data 150637.
[09:04:06 GMT-0800 (Pacific Standard Time)] Fetched data 116596.
[09:04:10 GMT-0800 (Pacific Standard Time)] Fetched data 112730.
[09:04:13 GMT-0800 (Pacific Standard Time)] Fetched data 10276.
[09:04:18 GMT-0800 (Pacific Standard Time)] Finished fetching data. Request took 14673 milliseconds.
[09:04:19 GMT-0800 (Pacific Standard Time)] Crawling page 48.
[09:04:21 GMT-0800 (Pacific Standard Time)] Fetched data 124260.
[09:04:22 GMT-0800 (Pacific Standard Time)] Fetched data 124594.
[09:04:22 GMT-0800 (Pacific Standard Time)] Fetched data 120885.
[09:04:25 GMT-0800 (Pacific Standard Time)] Fetched data 126500.
[09:04:25 GMT-0800 (Pacific Standard Time)] Fetched data 99908.
[09:04:29 GMT-0800 (Pacific Standard Time)] Fetched data 10278.
[09:04:34 GMT-0800 (Pacific Standard Time)] Finished fetching data. Request took 14727 milliseconds.
[09:04:35 GMT-0800 (Pacific Standard Time)] Crawling page 49.
[09:04:35 GMT-0800 (Pacific Standard Time)] Fetched data 98273.
[09:04:36 GMT-0800 (Pacific Standard Time)] Fetched data 99113.
[09:04:36 GMT-0800 (Pacific Standard Time)] Fetched data 110405.
[09:04:37 GMT-0800 (Pacific Standard Time)] Fetched data 98354.
[09:04:38 GMT-0800 (Pacific Standard Time)] Fetched data 99334.
[09:04:38 GMT-0800 (Pacific Standard Time)] Fetched data 101869.
[09:04:39 GMT-0800 (Pacific Standard Time)] Fetched data 125014.
[09:04:39 GMT-0800 (Pacific Standard Time)] Fetched data 97899.
[09:04:42 GMT-0800 (Pacific Standard Time)] Fetched data 1028.
[09:04:42 GMT-0800 (Pacific Standard Time)] Fetched data 111705.
[09:04:43 GMT-0800 (Pacific Standard Time)] Fetched data 10282.
[09:04:44 GMT-0800 (Pacific Standard Time)] Fetched data 97866.
[09:04:44 GMT-0800 (Pacific Standard Time)] Fetched data 113909.
[09:05:07 GMT-0800 (Pacific Standard Time)] Finished fetching data. Request took 32255 milliseconds.
[09:05:09 GMT-0800 (Pacific Standard Time)] Crawling page 50.
[09:05:10 GMT-0800 (Pacific Standard Time)] Fetched data 115129.
[09:05:12 GMT-0800 (Pacific Standard Time)] Fetched data 101495.
[09:05:13 GMT-0800 (Pacific Standard Time)] Fetched data 10285.
[09:05:14 GMT-0800 (Pacific Standard Time)] Fetched data 111974.
[09:05:14 GMT-0800 (Pacific Standard Time)] Fetched data 99003.
[09:05:15 GMT-0800 (Pacific Standard Time)] Fetched data 110992.
[09:05:17 GMT-0800 (Pacific Standard Time)] Fetched data 1029.
[09:05:26 GMT-0800 (Pacific Standard Time)] Finished fetching data. Request took 17962 milliseconds.
[09:05:27 GMT-0800 (Pacific Standard Time)] Crawling page 51.
[09:05:30 GMT-0800 (Pacific Standard Time)] Fetched data 118260.
[09:05:31 GMT-0800 (Pacific Standard Time)] Fetched data 86638.
[09:05:35 GMT-0800 (Pacific Standard Time)] Fetched data 10294.
[09:05:41 GMT-0800 (Pacific Standard Time)] Finished fetching data. Request took 13206 milliseconds.
[09:05:42 GMT-0800 (Pacific Standard Time)] Crawling page 52.
[09:05:42 GMT-0800 (Pacific Standard Time)] Fetched data 128003.
[09:05:43 GMT-0800 (Pacific Standard Time)] Fetched data 127614.
[09:05:43 GMT-0800 (Pacific Standard Time)] Fetched data 122595.
[09:05:44 GMT-0800 (Pacific Standard Time)] Fetched data 10297.
[09:05:47 GMT-0800 (Pacific Standard Time)] Fetched data 100535.
[09:05:47 GMT-0800 (Pacific Standard Time)] Fetched data 10298.
[09:05:49 GMT-0800 (Pacific Standard Time)] Fetched data 101262.
[09:05:49 GMT-0800 (Pacific Standard Time)] Fetched data 87421.
[09:05:51 GMT-0800 (Pacific Standard Time)] Fetched data 97713.
[09:05:51 GMT-0800 (Pacific Standard Time)] Fetched data 99851.
[09:06:03 GMT-0800 (Pacific Standard Time)] Finished fetching data. Request took 21591 milliseconds.
[09:06:04 GMT-0800 (Pacific Standard Time)] Crawling page 53.
[09:06:04 GMT-0800 (Pacific Standard Time)] Fetched data 122250.
[09:06:05 GMT-0800 (Pacific Standard Time)] Fetched data 103.
[09:06:05 GMT-0800 (Pacific Standard Time)] Fetched data 1030.
[09:06:06 GMT-0800 (Pacific Standard Time)] Fetched data 117412.
[09:06:06 GMT-0800 (Pacific Standard Time)] Fetched data 99802.
[09:06:07 GMT-0800 (Pacific Standard Time)] Fetched data 104054.
[09:06:08 GMT-0800 (Pacific Standard Time)] Fetched data 110429.
[09:06:08 GMT-0800 (Pacific Standard Time)] Fetched data 100314.
[09:06:09 GMT-0800 (Pacific Standard Time)] Fetched data 105142.
[09:06:09 GMT-0800 (Pacific Standard Time)] Fetched data 98019.
[09:06:10 GMT-0800 (Pacific Standard Time)] Fetched data 10301.
[09:06:11 GMT-0800 (Pacific Standard Time)] Fetched data 102070.
[09:06:22 GMT-0800 (Pacific Standard Time)] Finished fetching data. Request took 17724 milliseconds.
[09:06:23 GMT-0800 (Pacific Standard Time)] Crawling page 54.
[09:06:24 GMT-0800 (Pacific Standard Time)] Fetched data 10302.
[09:06:26 GMT-0800 (Pacific Standard Time)] Fetched data 10304.
[09:06:27 GMT-0800 (Pacific Standard Time)] Fetched data 98030.
[09:06:29 GMT-0800 (Pacific Standard Time)] Fetched data 10306.
[09:06:30 GMT-0800 (Pacific Standard Time)] Fetched data 10308.
[09:06:30 GMT-0800 (Pacific Standard Time)] Fetched data 1031.
[09:06:31 GMT-0800 (Pacific Standard Time)] Fetched data 98749.
[09:06:32 GMT-0800 (Pacific Standard Time)] Fetched data 99703.
[09:06:39 GMT-0800 (Pacific Standard Time)] Finished fetching data. Request took 16080 milliseconds.
[09:06:40 GMT-0800 (Pacific Standard Time)] Crawling page 55.
[09:06:41 GMT-0800 (Pacific Standard Time)] Fetched data 10313.
[09:06:42 GMT-0800 (Pacific Standard Time)] Fetched data 128275.
[09:06:42 GMT-0800 (Pacific Standard Time)] Fetched data 127808.
[09:06:43 GMT-0800 (Pacific Standard Time)] Fetched data 128282.
[09:06:43 GMT-0800 (Pacific Standard Time)] Fetched data 10319.
[09:06:44 GMT-0800 (Pacific Standard Time)] Fetched data 1032.
[09:06:44 GMT-0800 (Pacific Standard Time)] Fetched data 10321.
[09:06:45 GMT-0800 (Pacific Standard Time)] Fetched data 10323.
[09:06:45 GMT-0800 (Pacific Standard Time)] Fetched data 10324.
[09:06:46 GMT-0800 (Pacific Standard Time)] Fetched data 1033.
[09:06:46 GMT-0800 (Pacific Standard Time)] Fetched data 10330.
[09:06:47 GMT-0800 (Pacific Standard Time)] Fetched data 10335.
[09:06:47 GMT-0800 (Pacific Standard Time)] Fetched data 10336.
[09:06:48 GMT-0800 (Pacific Standard Time)] Fetched data 10338.
[09:06:48 GMT-0800 (Pacific Standard Time)] Fetched data 1034.
[09:06:49 GMT-0800 (Pacific Standard Time)] Fetched data 10342.
[09:06:49 GMT-0800 (Pacific Standard Time)] Fetched data 10346.
[09:06:50 GMT-0800 (Pacific Standard Time)] Fetched data 10347.
[09:07:26 GMT-0800 (Pacific Standard Time)] Finished fetching data. Request took 46159 milliseconds.
[09:07:27 GMT-0800 (Pacific Standard Time)] Crawling page 56.
[09:07:27 GMT-0800 (Pacific Standard Time)] Fetched data 10348.
[09:07:28 GMT-0800 (Pacific Standard Time)] Fetched data 1035.
[09:07:28 GMT-0800 (Pacific Standard Time)] Fetched data 10350.
[09:07:29 GMT-0800 (Pacific Standard Time)] Fetched data 10351.
[09:07:29 GMT-0800 (Pacific Standard Time)] Fetched data 10353.
[09:07:30 GMT-0800 (Pacific Standard Time)] Fetched data 10354.
[09:07:30 GMT-0800 (Pacific Standard Time)] Fetched data 10355.
[09:07:31 GMT-0800 (Pacific Standard Time)] Fetched data 10357.
[09:07:32 GMT-0800 (Pacific Standard Time)] Fetched data 10359.
[09:07:32 GMT-0800 (Pacific Standard Time)] Fetched data 1036.
[09:07:33 GMT-0800 (Pacific Standard Time)] Fetched data 10360.
[09:07:33 GMT-0800 (Pacific Standard Time)] Fetched data 10361.
[09:07:34 GMT-0800 (Pacific Standard Time)] Fetched data 10369.
[09:07:34 GMT-0800 (Pacific Standard Time)] Fetched data 1037.
[09:07:34 GMT-0800 (Pacific Standard Time)] Fetched data 10370.
[09:07:35 GMT-0800 (Pacific Standard Time)] Fetched data 10372.
[09:07:35 GMT-0800 (Pacific Standard Time)] Fetched data 10373.
[09:07:36 GMT-0800 (Pacific Standard Time)] Fetched data 10375.
[09:07:37 GMT-0800 (Pacific Standard Time)] Fetched data 10378.
[09:07:37 GMT-0800 (Pacific Standard Time)] Fetched data 10379.
[09:07:49 GMT-0800 (Pacific Standard Time)] Finished fetching data. Request took 22159 milliseconds.
[09:07:50 GMT-0800 (Pacific Standard Time)] Crawling page 57.
[09:07:51 GMT-0800 (Pacific Standard Time)] Fetched data 10384.
[09:07:51 GMT-0800 (Pacific Standard Time)] Fetched data 10389.
[09:07:52 GMT-0800 (Pacific Standard Time)] Fetched data 1039.
[09:07:52 GMT-0800 (Pacific Standard Time)] Fetched data 10390.
[09:07:53 GMT-0800 (Pacific Standard Time)] Fetched data 10391.
[09:07:53 GMT-0800 (Pacific Standard Time)] Fetched data 10396.
[09:07:54 GMT-0800 (Pacific Standard Time)] Fetched data 10397.
[09:07:54 GMT-0800 (Pacific Standard Time)] Fetched data 104.
[09:07:55 GMT-0800 (Pacific Standard Time)] Fetched data 1040.
[09:07:55 GMT-0800 (Pacific Standard Time)] Fetched data 10405.
[09:07:56 GMT-0800 (Pacific Standard Time)] Fetched data 10406.
[09:07:56 GMT-0800 (Pacific Standard Time)] Fetched data 10407.
[09:07:57 GMT-0800 (Pacific Standard Time)] Fetched data 10408.
[09:07:57 GMT-0800 (Pacific Standard Time)] Fetched data 1041.
[09:07:58 GMT-0800 (Pacific Standard Time)] Fetched data 10417.
[09:07:58 GMT-0800 (Pacific Standard Time)] Fetched data 10418.
[09:07:59 GMT-0800 (Pacific Standard Time)] Fetched data 1042.
[09:07:59 GMT-0800 (Pacific Standard Time)] Fetched data 1043.
[09:08:00 GMT-0800 (Pacific Standard Time)] Fetched data 10431.
[09:08:00 GMT-0800 (Pacific Standard Time)] Fetched data 10435.
[09:08:21 GMT-0800 (Pacific Standard Time)] Finished fetching data. Request took 30027 milliseconds.
[09:08:22 GMT-0800 (Pacific Standard Time)] Crawling page 58.
[09:08:22 GMT-0800 (Pacific Standard Time)] Fetched data 10436.
[09:08:22 GMT-0800 (Pacific Standard Time)] Fetched data 1044.
[09:08:23 GMT-0800 (Pacific Standard Time)] Fetched data 10444.
[09:08:23 GMT-0800 (Pacific Standard Time)] Fetched data 10445.
[09:08:24 GMT-0800 (Pacific Standard Time)] Fetched data 10447.
[09:08:24 GMT-0800 (Pacific Standard Time)] Fetched data 10448.
[09:08:25 GMT-0800 (Pacific Standard Time)] Fetched data 1045.
[09:08:25 GMT-0800 (Pacific Standard Time)] Fetched data 10456.
[09:08:26 GMT-0800 (Pacific Standard Time)] Fetched data 10459.
[09:08:26 GMT-0800 (Pacific Standard Time)] Fetched data 1046.
[09:08:27 GMT-0800 (Pacific Standard Time)] Fetched data 10460.
[09:08:27 GMT-0800 (Pacific Standard Time)] Fetched data 10463.
[09:08:28 GMT-0800 (Pacific Standard Time)] Fetched data 10464.
[09:08:28 GMT-0800 (Pacific Standard Time)] Fetched data 10465.
[09:08:29 GMT-0800 (Pacific Standard Time)] Fetched data 10466.
[09:08:29 GMT-0800 (Pacific Standard Time)] Fetched data 10469.
[09:08:30 GMT-0800 (Pacific Standard Time)] Fetched data 1047.
[09:08:30 GMT-0800 (Pacific Standard Time)] Fetched data 10470.
[09:08:31 GMT-0800 (Pacific Standard Time)] Fetched data 10471.
[09:08:31 GMT-0800 (Pacific Standard Time)] Fetched data 10477.
[09:09:40 GMT-0800 (Pacific Standard Time)] Finished fetching data. Request took 78087 milliseconds.
[09:09:41 GMT-0800 (Pacific Standard Time)] Crawling page 59.
[09:09:41 GMT-0800 (Pacific Standard Time)] Fetched data 10479.
[09:09:41 GMT-0800 (Pacific Standard Time)] Fetched data 1048.
[09:09:42 GMT-0800 (Pacific Standard Time)] Fetched data 10481.
[09:09:42 GMT-0800 (Pacific Standard Time)] Fetched data 10483.
[09:09:43 GMT-0800 (Pacific Standard Time)] Fetched data 1049.
[09:09:43 GMT-0800 (Pacific Standard Time)] Fetched data 10490.
[09:09:44 GMT-0800 (Pacific Standard Time)] Fetched data 10491.
[09:09:44 GMT-0800 (Pacific Standard Time)] Fetched data 10495.
[09:09:45 GMT-0800 (Pacific Standard Time)] Fetched data 10497.
[09:09:45 GMT-0800 (Pacific Standard Time)] Fetched data 105.
[09:09:46 GMT-0800 (Pacific Standard Time)] Fetched data 1050.
[09:09:46 GMT-0800 (Pacific Standard Time)] Fetched data 10500.
[09:09:47 GMT-0800 (Pacific Standard Time)] Fetched data 10501.
[09:09:47 GMT-0800 (Pacific Standard Time)] Fetched data 10502.
[09:09:48 GMT-0800 (Pacific Standard Time)] Fetched data 10506.
[09:09:48 GMT-0800 (Pacific Standard Time)] Fetched data 10507.
[09:09:49 GMT-0800 (Pacific Standard Time)] Fetched data 10509.
[09:09:49 GMT-0800 (Pacific Standard Time)] Fetched data 1051.
[09:09:50 GMT-0800 (Pacific Standard Time)] Fetched data 10511.
[09:09:50 GMT-0800 (Pacific Standard Time)] Fetched data 10513.
[09:10:02 GMT-0800 (Pacific Standard Time)] Finished fetching data. Request took 21597 milliseconds.
[09:10:03 GMT-0800 (Pacific Standard Time)] Crawling page 60.
[09:10:03 GMT-0800 (Pacific Standard Time)] Fetched data 10516.
[09:10:04 GMT-0800 (Pacific Standard Time)] Fetched data 10519.
[09:10:04 GMT-0800 (Pacific Standard Time)] Fetched data 1052.
[09:10:05 GMT-0800 (Pacific Standard Time)] Fetched data 10521.
[09:10:06 GMT-0800 (Pacific Standard Time)] Fetched data 10524.
[09:10:06 GMT-0800 (Pacific Standard Time)] Fetched data 10525.
[09:10:07 GMT-0800 (Pacific Standard Time)] Fetched data 10526.
[09:10:07 GMT-0800 (Pacific Standard Time)] Fetched data 10527.
[09:10:08 GMT-0800 (Pacific Standard Time)] Fetched data 10528.
[09:10:08 GMT-0800 (Pacific Standard Time)] Fetched data 1053.
[09:10:09 GMT-0800 (Pacific Standard Time)] Fetched data 10531.
[09:10:09 GMT-0800 (Pacific Standard Time)] Fetched data 10532.
[09:10:10 GMT-0800 (Pacific Standard Time)] Fetched data 10533.
[09:10:10 GMT-0800 (Pacific Standard Time)] Fetched data 10534.
[09:10:11 GMT-0800 (Pacific Standard Time)] Fetched data 10536.
[09:10:11 GMT-0800 (Pacific Standard Time)] Fetched data 10539.
[09:10:12 GMT-0800 (Pacific Standard Time)] Fetched data 10540.
[09:10:12 GMT-0800 (Pacific Standard Time)] Fetched data 10541.
[09:10:13 GMT-0800 (Pacific Standard Time)] Fetched data 10545.
[09:11:29 GMT-0800 (Pacific Standard Time)] Finished fetching data. Request took 85319 milliseconds.
[09:11:30 GMT-0800 (Pacific Standard Time)] Crawling page 61.
[09:11:30 GMT-0800 (Pacific Standard Time)] Fetched data 10547.
[09:11:30 GMT-0800 (Pacific Standard Time)] Fetched data 10549.
[09:11:31 GMT-0800 (Pacific Standard Time)] Fetched data 1055.
[09:11:31 GMT-0800 (Pacific Standard Time)] Fetched data 10554.
[09:11:32 GMT-0800 (Pacific Standard Time)] Fetched data 1056.
[09:11:32 GMT-0800 (Pacific Standard Time)] Fetched data 10562.
[09:11:33 GMT-0800 (Pacific Standard Time)] Fetched data 10563.
[09:11:33 GMT-0800 (Pacific Standard Time)] Fetched data 10564.
[09:11:34 GMT-0800 (Pacific Standard Time)] Fetched data 10568.
[09:11:34 GMT-0800 (Pacific Standard Time)] Fetched data 1057.
[09:11:35 GMT-0800 (Pacific Standard Time)] Fetched data 10572.
[09:11:35 GMT-0800 (Pacific Standard Time)] Fetched data 10573.
[09:11:36 GMT-0800 (Pacific Standard Time)] Fetched data 10578.
[09:11:36 GMT-0800 (Pacific Standard Time)] Fetched data 1058.
[09:11:37 GMT-0800 (Pacific Standard Time)] Fetched data 10581.
[09:11:37 GMT-0800 (Pacific Standard Time)] Fetched data 10582.
[09:11:38 GMT-0800 (Pacific Standard Time)] Fetched data 10584.
[09:11:38 GMT-0800 (Pacific Standard Time)] Fetched data 10585.
[09:11:39 GMT-0800 (Pacific Standard Time)] Fetched data 10586.
[09:11:39 GMT-0800 (Pacific Standard Time)] Fetched data 10588.
[09:11:52 GMT-0800 (Pacific Standard Time)] Finished fetching data. Request took 22079 milliseconds.
[09:11:53 GMT-0800 (Pacific Standard Time)] Crawling page 62.
[09:11:53 GMT-0800 (Pacific Standard Time)] Fetched data 10589.
[09:11:53 GMT-0800 (Pacific Standard Time)] Fetched data 1059.
[09:11:54 GMT-0800 (Pacific Standard Time)] Fetched data 10592.
[09:11:54 GMT-0800 (Pacific Standard Time)] Fetched data 10595.
[09:11:55 GMT-0800 (Pacific Standard Time)] Fetched data 106.
[09:11:55 GMT-0800 (Pacific Standard Time)] Fetched data 10602.
[09:11:56 GMT-0800 (Pacific Standard Time)] Fetched data 10603.
[09:11:56 GMT-0800 (Pacific Standard Time)] Fetched data 10604.
[09:11:57 GMT-0800 (Pacific Standard Time)] Fetched data 10607.
[09:11:57 GMT-0800 (Pacific Standard Time)] Fetched data 10611.
[09:11:58 GMT-0800 (Pacific Standard Time)] Fetched data 1062.
[09:11:59 GMT-0800 (Pacific Standard Time)] Fetched data 10620.
[09:11:59 GMT-0800 (Pacific Standard Time)] Fetched data 10622.
[09:12:00 GMT-0800 (Pacific Standard Time)] Fetched data 10623.
[09:12:00 GMT-0800 (Pacific Standard Time)] Fetched data 10624.
[09:12:01 GMT-0800 (Pacific Standard Time)] Fetched data 10625.
[09:12:01 GMT-0800 (Pacific Standard Time)] Fetched data 10627.
[09:12:02 GMT-0800 (Pacific Standard Time)] Fetched data 10628.
[09:12:02 GMT-0800 (Pacific Standard Time)] Fetched data 10629.
[09:12:03 GMT-0800 (Pacific Standard Time)] Fetched data 10632.
[09:13:18 GMT-0800 (Pacific Standard Time)] Finished fetching data. Request took 85624 milliseconds.
[09:13:19 GMT-0800 (Pacific Standard Time)] Crawling page 63.
[09:13:20 GMT-0800 (Pacific Standard Time)] Fetched data 10633.
[09:13:20 GMT-0800 (Pacific Standard Time)] Fetched data 10638.
[09:13:20 GMT-0800 (Pacific Standard Time)] Fetched data 10639.
[09:13:21 GMT-0800 (Pacific Standard Time)] Fetched data 1064.
